{"level":"info","message":"🚀 Server running on port 5000","timestamp":"2025-11-10 18:39:31"}
{"level":"info","message":"🚀 Server running on port 5000","timestamp":"2025-11-10 18:40:07"}
{"level":"info","message":"🚀 Server running on port 5000","timestamp":"2026-03-26 15:07:49"}
{"clientVersion":"6.19.2","level":"error","message":"\nInvalid `prisma.homePageImages.findUnique()` invocation in\nC:\\Project\\multi-vendor-server\\src\\utils\\cronScheduler.ts:8:48\n\n  5 let countdownTask: any = null;\n  6 \n  7 async function getCountdown() {\n→ 8   const settings = await prisma.homePageImages.findUnique(\nDatabase `trustyshoptbd` does not exist","name":"PrismaClientInitializationError","stack":"PrismaClientInitializationError: \nInvalid `prisma.homePageImages.findUnique()` invocation in\nC:\\Project\\multi-vendor-server\\src\\utils\\cronScheduler.ts:8:48\n\n  5 let countdownTask: any = null;\n  6 \n  7 async function getCountdown() {\n→ 8   const settings = await prisma.homePageImages.findUnique(\nDatabase `trustyshoptbd` does not exist\n    at ei.handleRequestError (C:\\Project\\multi-vendor-server\\node_modules\\@prisma\\client\\src\\runtime\\RequestHandler.ts:242:13)\n    at ei.handleAndLogRequestError (C:\\Project\\multi-vendor-server\\node_modules\\@prisma\\client\\src\\runtime\\RequestHandler.ts:174:12)\n    at ei.request (C:\\Project\\multi-vendor-server\\node_modules\\@prisma\\client\\src\\runtime\\RequestHandler.ts:143:12)\n    at a (C:\\Project\\multi-vendor-server\\node_modules\\@prisma\\client\\src\\runtime\\getPrismaClient.ts:833:24)","timestamp":"2026-03-26 15:07:50"}
{"level":"info","message":"🚀 Server running on port 5000","timestamp":"2026-03-26 15:24:47"}
{"clientVersion":"6.19.2","level":"error","message":"\nInvalid `prisma.homePageImages.findUnique()` invocation in\nC:\\Project\\multi-vendor-server\\src\\utils\\cronScheduler.ts:8:48\n\n  5 let countdownTask: any = null;\n  6 \n  7 async function getCountdown() {\n→ 8   const settings = await prisma.homePageImages.findUnique(\nDatabase `trustyshoptbd` does not exist","name":"PrismaClientInitializationError","stack":"PrismaClientInitializationError: \nInvalid `prisma.homePageImages.findUnique()` invocation in\nC:\\Project\\multi-vendor-server\\src\\utils\\cronScheduler.ts:8:48\n\n  5 let countdownTask: any = null;\n  6 \n  7 async function getCountdown() {\n→ 8   const settings = await prisma.homePageImages.findUnique(\nDatabase `trustyshoptbd` does not exist\n    at ei.handleRequestError (C:\\Project\\multi-vendor-server\\node_modules\\@prisma\\client\\src\\runtime\\RequestHandler.ts:242:13)\n    at ei.handleAndLogRequestError (C:\\Project\\multi-vendor-server\\node_modules\\@prisma\\client\\src\\runtime\\RequestHandler.ts:174:12)\n    at ei.request (C:\\Project\\multi-vendor-server\\node_modules\\@prisma\\client\\src\\runtime\\RequestHandler.ts:143:12)\n    at a (C:\\Project\\multi-vendor-server\\node_modules\\@prisma\\client\\src\\runtime\\getPrismaClient.ts:833:24)","timestamp":"2026-03-26 15:24:48"}
{"level":"info","message":"🚀 Server running on port 5000","timestamp":"2026-03-26 15:26:23"}
{"level":"error","message":"No record was found for a query.","method":"POST","path":"/api/v1/auth/login","stack":"PrismaClientKnownRequestError: \nInvalid `prisma.user.findFirstOrThrow()` invocation in\nC:\\Project\\multi-vendor-server\\src\\app\\modules\\Auth\\auth.services.ts:16:38\n\n  13 };\n  14 \n  15 const login = async (payload: TLogin) => {\n→ 16   const userData = await prisma.user.findFirstOrThrow(\nAn operation failed because it depends on one or more records that were required but not found. No record was found for a query.\n    at ei.handleRequestError (C:\\Project\\multi-vendor-server\\node_modules\\@prisma\\client\\src\\runtime\\RequestHandler.ts:228:13)\n    at ei.handleAndLogRequestError (C:\\Project\\multi-vendor-server\\node_modules\\@prisma\\client\\src\\runtime\\RequestHandler.ts:174:12)\n    at ei.request (C:\\Project\\multi-vendor-server\\node_modules\\@prisma\\client\\src\\runtime\\RequestHandler.ts:143:12)\n    at a (C:\\Project\\multi-vendor-server\\node_modules\\@prisma\\client\\src\\runtime\\getPrismaClient.ts:833:24)","statusCode":404,"timestamp":"2026-03-26 15:36:02"}
{"level":"info","message":"🚀 Server running on port 5000","timestamp":"2026-03-26 15:36:27"}
{"level":"info","message":"🚀 Server running on port 5000","timestamp":"2026-03-27 22:34:12"}
{"level":"error","message":"No record was found for a query.","method":"POST","path":"/api/v1/auth/login","stack":"PrismaClientKnownRequestError: \nInvalid `prisma.user.findFirstOrThrow()` invocation in\nC:\\Project\\multi-vendor-server\\src\\app\\modules\\Auth\\auth.services.ts:16:38\n\n  13 };\n  14 \n  15 const login = async (payload: TLogin) => {\n→ 16   const userData = await prisma.user.findFirstOrThrow(\nAn operation failed because it depends on one or more records that were required but not found. No record was found for a query.\n    at ei.handleRequestError (C:\\Project\\multi-vendor-server\\node_modules\\@prisma\\client\\src\\runtime\\RequestHandler.ts:228:13)\n    at ei.handleAndLogRequestError (C:\\Project\\multi-vendor-server\\node_modules\\@prisma\\client\\src\\runtime\\RequestHandler.ts:174:12)\n    at ei.request (C:\\Project\\multi-vendor-server\\node_modules\\@prisma\\client\\src\\runtime\\RequestHandler.ts:143:12)\n    at a (C:\\Project\\multi-vendor-server\\node_modules\\@prisma\\client\\src\\runtime\\getPrismaClient.ts:833:24)","statusCode":404,"timestamp":"2026-03-27 22:50:02"}
{"level":"error","message":"No record was found for a query.","method":"POST","path":"/api/v1/auth/login","stack":"PrismaClientKnownRequestError: \nInvalid `prisma.user.findFirstOrThrow()` invocation in\nC:\\Project\\multi-vendor-server\\src\\app\\modules\\Auth\\auth.services.ts:16:38\n\n  13 };\n  14 \n  15 const login = async (payload: TLogin) => {\n→ 16   const userData = await prisma.user.findFirstOrThrow(\nAn operation failed because it depends on one or more records that were required but not found. No record was found for a query.\n    at ei.handleRequestError (C:\\Project\\multi-vendor-server\\node_modules\\@prisma\\client\\src\\runtime\\RequestHandler.ts:228:13)\n    at ei.handleAndLogRequestError (C:\\Project\\multi-vendor-server\\node_modules\\@prisma\\client\\src\\runtime\\RequestHandler.ts:174:12)\n    at ei.request (C:\\Project\\multi-vendor-server\\node_modules\\@prisma\\client\\src\\runtime\\RequestHandler.ts:143:12)\n    at a (C:\\Project\\multi-vendor-server\\node_modules\\@prisma\\client\\src\\runtime\\getPrismaClient.ts:833:24)","statusCode":404,"timestamp":"2026-03-27 22:51:39"}
{"level":"info","message":"🚀 Server running on port 5000","timestamp":"2026-03-27 22:52:23"}
{"level":"error","message":"No record was found for a query.","method":"POST","path":"/api/v1/auth/login","stack":"PrismaClientKnownRequestError: \nInvalid `prisma.user.findFirstOrThrow()` invocation in\nC:\\Project\\multi-vendor-server\\src\\app\\modules\\Auth\\auth.services.ts:16:38\n\n  13 };\n  14 \n  15 const login = async (payload: TLogin) => {\n→ 16   const userData = await prisma.user.findFirstOrThrow(\nAn operation failed because it depends on one or more records that were required but not found. No record was found for a query.\n    at ei.handleRequestError (C:\\Project\\multi-vendor-server\\node_modules\\@prisma\\client\\src\\runtime\\RequestHandler.ts:228:13)\n    at ei.handleAndLogRequestError (C:\\Project\\multi-vendor-server\\node_modules\\@prisma\\client\\src\\runtime\\RequestHandler.ts:174:12)\n    at ei.request (C:\\Project\\multi-vendor-server\\node_modules\\@prisma\\client\\src\\runtime\\RequestHandler.ts:143:12)\n    at a (C:\\Project\\multi-vendor-server\\node_modules\\@prisma\\client\\src\\runtime\\getPrismaClient.ts:833:24)","statusCode":404,"timestamp":"2026-03-27 22:52:28"}
{"level":"info","message":"🚀 Server running on port 5000","timestamp":"2026-03-27 23:02:48"}
{"level":"info","message":"🚀 Server running on port 5000","timestamp":"2026-03-27 23:03:13"}
{"level":"info","message":"🚀 Server running on port 5000","timestamp":"2026-03-27 23:04:58"}
{"level":"info","message":"🚀 Server running on port 5000","timestamp":"2026-03-27 23:05:02"}
{"level":"info","message":"🚀 Server running on port 5000","timestamp":"2026-03-27 23:05:07"}
{"level":"info","message":"🚀 Server running on port 5000","timestamp":"2026-03-27 23:05:08"}
{"level":"info","message":"🚀 Server running on port 5000","timestamp":"2026-03-27 23:05:11"}
{"level":"info","message":"🚀 Server running on port 5000","timestamp":"2026-03-27 23:05:27"}
{"level":"info","message":"🚀 Server running on port 5000","timestamp":"2026-03-27 23:07:56"}
{"level":"info","message":"🚀 Server running on port 5000","timestamp":"2026-03-27 23:08:17"}
{"level":"info","message":"🚀 Server running on port 5000","timestamp":"2026-03-27 23:08:37"}
{"level":"info","message":"🚀 Server running on port 5000","timestamp":"2026-03-27 23:09:00"}
{"level":"error","message":"Failed to create home page images entry","stack":"Error: Failed to create home page images entry\n    at C:\\Project\\multi-vendor-server\\prisma\\seed.ts:65:11\n    at Generator.throw (<anonymous>)\n    at rejected (C:\\Project\\multi-vendor-server\\prisma\\seed.ts:6:65)","statusCode":500,"timestamp":"2026-03-27 23:09:01"}
{"level":"info","message":"🚀 Server running on port 5000","timestamp":"2026-03-27 23:09:06"}
{"level":"error","message":"Failed to create home page images entry","stack":"Error: Failed to create home page images entry\n    at C:\\Project\\multi-vendor-server\\prisma\\seed.ts:65:11\n    at Generator.throw (<anonymous>)\n    at rejected (C:\\Project\\multi-vendor-server\\prisma\\seed.ts:6:65)","statusCode":500,"timestamp":"2026-03-27 23:09:06"}
{"level":"info","message":"🚀 Server running on port 5000","timestamp":"2026-03-27 23:09:32"}
{"level":"error","message":"Failed to create home page images entry","stack":"Error: Failed to create home page images entry\n    at C:\\Project\\multi-vendor-server\\prisma\\seed.ts:65:11\n    at Generator.throw (<anonymous>)\n    at rejected (C:\\Project\\multi-vendor-server\\prisma\\seed.ts:6:65)","statusCode":500,"timestamp":"2026-03-27 23:09:32"}
{"level":"info","message":"🚀 Server running on port 5000","timestamp":"2026-03-27 23:09:35"}
{"level":"error","message":"Failed to create home page images entry","stack":"Error: Failed to create home page images entry\n    at C:\\Project\\multi-vendor-server\\prisma\\seed.ts:65:11\n    at Generator.throw (<anonymous>)\n    at rejected (C:\\Project\\multi-vendor-server\\prisma\\seed.ts:6:65)","statusCode":500,"timestamp":"2026-03-27 23:09:35"}
{"level":"info","message":"🚀 Server running on port 5000","timestamp":"2026-03-27 23:09:42"}
{"level":"error","message":"Failed to create home page images entry","stack":"Error: Failed to create home page images entry\n    at C:\\Project\\multi-vendor-server\\prisma\\seed.ts:65:11\n    at Generator.throw (<anonymous>)\n    at rejected (C:\\Project\\multi-vendor-server\\prisma\\seed.ts:6:65)","statusCode":500,"timestamp":"2026-03-27 23:09:42"}
{"level":"info","message":"🚀 Server running on port 5000","timestamp":"2026-03-27 23:09:45"}
{"level":"info","message":"🚀 Server running on port 5000","timestamp":"2026-03-27 23:09:54"}
{"level":"error","message":"Failed to create home page images entry","stack":"Error: Failed to create home page images entry\n    at C:\\Project\\multi-vendor-server\\prisma\\seed.ts:65:11\n    at Generator.throw (<anonymous>)\n    at rejected (C:\\Project\\multi-vendor-server\\prisma\\seed.ts:6:65)","statusCode":500,"timestamp":"2026-03-27 23:09:54"}
{"level":"info","message":"🚀 Server running on port 5000","timestamp":"2026-03-27 23:10:01"}
{"level":"error","message":"Failed to create home page images entry","stack":"Error: Failed to create home page images entry\n    at C:\\Project\\multi-vendor-server\\prisma\\seed.ts:65:11\n    at Generator.throw (<anonymous>)\n    at rejected (C:\\Project\\multi-vendor-server\\prisma\\seed.ts:6:65)","statusCode":500,"timestamp":"2026-03-27 23:10:01"}
{"level":"info","message":"🚀 Server running on port 5000","timestamp":"2026-03-27 23:10:07"}
{"level":"error","message":"Failed to create home page images entry","stack":"Error: Failed to create home page images entry\n    at C:\\Project\\multi-vendor-server\\prisma\\seed.ts:65:11\n    at Generator.throw (<anonymous>)\n    at rejected (C:\\Project\\multi-vendor-server\\prisma\\seed.ts:6:65)","statusCode":404,"timestamp":"2026-03-27 23:10:07"}
{"level":"info","message":"🚀 Server running on port 5000","timestamp":"2026-03-27 23:10:22"}
{"level":"error","message":"Failed to create home page images entry","stack":"Error: Failed to create home page images entry\n    at C:\\Project\\multi-vendor-server\\prisma\\seed.ts:65:11\n    at Generator.throw (<anonymous>)\n    at rejected (C:\\Project\\multi-vendor-server\\prisma\\seed.ts:6:65)","statusCode":500,"timestamp":"2026-03-27 23:10:22"}
{"level":"info","message":"🚀 Server running on port 5000","timestamp":"2026-03-27 23:10:28"}
{"level":"error","message":"Failed to create admin user","stack":"Error: Failed to create admin user\n    at C:\\Project\\multi-vendor-server\\prisma\\seed.ts:50:12\n    at Generator.next (<anonymous>)\n    at fulfilled (C:\\Project\\multi-vendor-server\\prisma\\seed.ts:5:58)","statusCode":500,"timestamp":"2026-03-27 23:10:28"}
{"level":"info","message":"🚀 Server running on port 5000","timestamp":"2026-03-27 23:10:36"}
